make --dry-run --always-make --keep-going --print-directory
make: Entering directory `/Users/junkpark/Projects/42seoul_cadet/so_long'
gcc -Wall -Wextra -Werror -g -I ./include -c -o src/main.o src/main.c
gcc -Wall -Wextra -Werror -g -I ./include -c -o src/check.o src/check.c
gcc -Wall -Wextra -Werror -g -I ./include -c -o src/init.o src/init.c
gcc -Wall -Wextra -Werror -g -I ./include -c -o src/map.o src/map.c
gcc -Wall -Wextra -Werror -g -I ./include -c -o src/player.o src/player.c
gcc -Wall -Wextra -Werror -g -I ./include -c -o src/utils.o src/utils.c
/Library/Developer/CommandLineTools/usr/bin/make -C ./lib/libft
make[1]: Entering directory `/Users/junkpark/Projects/42seoul_cadet/so_long/lib/libft'
gcc -Wall -Wextra -Werror -c -o ft_atoi.o ft_atoi.c
ar crsu libft.a ft_atoi.o
gcc -Wall -Wextra -Werror -c -o ft_bzero.o ft_bzero.c
ar crsu libft.a ft_bzero.o
gcc -Wall -Wextra -Werror -c -o ft_calloc.o ft_calloc.c
ar crsu libft.a ft_calloc.o
gcc -Wall -Wextra -Werror -c -o ft_isalnum.o ft_isalnum.c
ar crsu libft.a ft_isalnum.o
gcc -Wall -Wextra -Werror -c -o ft_isalpha.o ft_isalpha.c
ar crsu libft.a ft_isalpha.o
gcc -Wall -Wextra -Werror -c -o ft_isascii.o ft_isascii.c
ar crsu libft.a ft_isascii.o
gcc -Wall -Wextra -Werror -c -o ft_isdigit.o ft_isdigit.c
ar crsu libft.a ft_isdigit.o
gcc -Wall -Wextra -Werror -c -o ft_isprint.o ft_isprint.c
ar crsu libft.a ft_isprint.o
gcc -Wall -Wextra -Werror -c -o ft_itoa.o ft_itoa.c
ar crsu libft.a ft_itoa.o
gcc -Wall -Wextra -Werror -c -o ft_memchr.o ft_memchr.c
ar crsu libft.a ft_memchr.o
gcc -Wall -Wextra -Werror -c -o ft_memcmp.o ft_memcmp.c
ar crsu libft.a ft_memcmp.o
gcc -Wall -Wextra -Werror -c -o ft_memcpy.o ft_memcpy.c
ar crsu libft.a ft_memcpy.o
gcc -Wall -Wextra -Werror -c -o ft_memmove.o ft_memmove.c
ar crsu libft.a ft_memmove.o
gcc -Wall -Wextra -Werror -c -o ft_memset.o ft_memset.c
ar crsu libft.a ft_memset.o
gcc -Wall -Wextra -Werror -c -o ft_putchar_fd.o ft_putchar_fd.c
ar crsu libft.a ft_putchar_fd.o
gcc -Wall -Wextra -Werror -c -o ft_putendl_fd.o ft_putendl_fd.c
ar crsu libft.a ft_putendl_fd.o
gcc -Wall -Wextra -Werror -c -o ft_putnbr_fd.o ft_putnbr_fd.c
ar crsu libft.a ft_putnbr_fd.o
gcc -Wall -Wextra -Werror -c -o ft_putstr_fd.o ft_putstr_fd.c
ar crsu libft.a ft_putstr_fd.o
gcc -Wall -Wextra -Werror -c -o ft_split.o ft_split.c
ar crsu libft.a ft_split.o
gcc -Wall -Wextra -Werror -c -o ft_strchr.o ft_strchr.c
ar crsu libft.a ft_strchr.o
gcc -Wall -Wextra -Werror -c -o ft_strdup.o ft_strdup.c
ar crsu libft.a ft_strdup.o
gcc -Wall -Wextra -Werror -c -o ft_strjoin.o ft_strjoin.c
ar crsu libft.a ft_strjoin.o
gcc -Wall -Wextra -Werror -c -o ft_strlcat.o ft_strlcat.c
ar crsu libft.a ft_strlcat.o
gcc -Wall -Wextra -Werror -c -o ft_strlcpy.o ft_strlcpy.c
ar crsu libft.a ft_strlcpy.o
gcc -Wall -Wextra -Werror -c -o ft_strlen.o ft_strlen.c
ar crsu libft.a ft_strlen.o
gcc -Wall -Wextra -Werror -c -o ft_strmapi.o ft_strmapi.c
ar crsu libft.a ft_strmapi.o
gcc -Wall -Wextra -Werror -c -o ft_strncmp.o ft_strncmp.c
ar crsu libft.a ft_strncmp.o
gcc -Wall -Wextra -Werror -c -o ft_strnstr.o ft_strnstr.c
ar crsu libft.a ft_strnstr.o
gcc -Wall -Wextra -Werror -c -o ft_strrchr.o ft_strrchr.c
ar crsu libft.a ft_strrchr.o
gcc -Wall -Wextra -Werror -c -o ft_strtrim.o ft_strtrim.c
ar crsu libft.a ft_strtrim.o
gcc -Wall -Wextra -Werror -c -o ft_substr.o ft_substr.c
ar crsu libft.a ft_substr.o
gcc -Wall -Wextra -Werror -c -o ft_tolower.o ft_tolower.c
ar crsu libft.a ft_tolower.o
gcc -Wall -Wextra -Werror -c -o ft_striteri.o ft_striteri.c
ar crsu libft.a ft_striteri.o
gcc -Wall -Wextra -Werror -c -o ft_toupper.o ft_toupper.c
ar crsu libft.a ft_toupper.o
make[1]: Leaving directory `/Users/junkpark/Projects/42seoul_cadet/so_long/lib/libft'
/Library/Developer/CommandLineTools/usr/bin/make -C ./lib/libgnl
make[1]: Entering directory `/Users/junkpark/Projects/42seoul_cadet/so_long/lib/libgnl'
gcc -Wall -Wextra -Werror -c -o get_next_line.o get_next_line.c
ar crsu libgnl.a get_next_line.o
gcc -Wall -Wextra -Werror -c -o get_next_line_utils.o get_next_line_utils.c
ar crsu libgnl.a get_next_line_utils.o
make[1]: Leaving directory `/Users/junkpark/Projects/42seoul_cadet/so_long/lib/libgnl'
/Library/Developer/CommandLineTools/usr/bin/make -C ./lib/minilibx_opengl
make[1]: Entering directory `/Users/junkpark/Projects/42seoul_cadet/so_long/lib/minilibx_opengl'
cc -O2 -DSTRINGPUTX11   -c -o mlx_shaders.o mlx_shaders.c
cc -O2 -DSTRINGPUTX11   -c -o mlx_new_window.o mlx_new_window.m
cc -O2 -DSTRINGPUTX11   -c -o mlx_init_loop.o mlx_init_loop.m
cc -O2 -DSTRINGPUTX11   -c -o mlx_new_image.o mlx_new_image.m
cc -O2 -DSTRINGPUTX11   -c -o mlx_xpm.o mlx_xpm.c
cc -O2 -DSTRINGPUTX11   -c -o mlx_int_str_to_wordtab.o mlx_int_str_to_wordtab.c
cc -O2 -DSTRINGPUTX11   -c -o mlx_png.o mlx_png.c
cc -O2 -DSTRINGPUTX11   -c -o mlx_mouse.o mlx_mouse.m
ar -r libmlx.a mlx_shaders.o mlx_new_window.o mlx_init_loop.o mlx_new_image.o mlx_xpm.o mlx_int_str_to_wordtab.o mlx_png.o mlx_mouse.o
ranlib libmlx.a
make[1]: Leaving directory `/Users/junkpark/Projects/42seoul_cadet/so_long/lib/minilibx_opengl'
gcc -Wall -Wextra -Werror -g -o so_long src/main.o src/check.o src/init.o src/map.o src/player.o src/utils.o \
		-L./lib/libft -l ft \
		-L./lib/libgnl -l gnl \
		-L./lib/minilibx_opengl -l mlx -framework OpenGL -framework AppKit
make: Leaving directory `/Users/junkpark/Projects/42seoul_cadet/so_long'
 
