make --dry-run --keep-going --print-directory
make: Entering directory `/Users/junkpark/Projects/42seoul_cadet/push_swap'
cc -Wall -Wextra -Werror -g -I ./include -c -o main.o main.c
 
cc -Wall -Wextra -Werror -g -I ./include -c -o src/a_to_b.o src/a_to_b.c
cc -Wall -Wextra -Werror -g -I ./include -c -o src/b_to_a.o src/b_to_a.c
cc -Wall -Wextra -Werror -g -I ./include -c -o src/check.o src/check.c
cc -Wall -Wextra -Werror -g -I ./include -c -o src/deque_del.o src/deque_del.c
cc -Wall -Wextra -Werror -g -I ./include -c -o src/deque_find_print.o src/deque_find_print.c
 
cc -Wall -Wextra -Werror -g -I ./include -c -o src/deque_get.o src/deque_get.c
cc -Wall -Wextra -Werror -g -I ./include -c -o src/deque_pop.o src/deque_pop.c
 
cc -Wall -Wextra -Werror -g -I ./include -c -o src/deque_push.o src/deque_push.c
cc -Wall -Wextra -Werror -g -I ./include -c -o src/deque_utils.o src/deque_utils.c
 
cc -Wall -Wextra -Werror -g -I ./include -c -o src/init.o src/init.c
cc -Wall -Wextra -Werror -g -I ./include -c -o src/label_data.o src/label_data.c
 
cc -Wall -Wextra -Werror -g -I ./include -c -o src/push_swap_p.o src/push_swap_p.c
 
cc -Wall -Wextra -Werror -g -I ./include -c -o src/push_swap_r.o src/push_swap_r.c
cc -Wall -Wextra -Werror -g -I ./include -c -o src/push_swap_rr.o src/push_swap_rr.c
 
cc -Wall -Wextra -Werror -g -I ./include -c -o src/push_swap_s.o src/push_swap_s.c
cc -Wall -Wextra -Werror -g -I ./include -c -o src/quick_sort.o src/quick_sort.c
 
cc -Wall -Wextra -Werror -g -I ./include -c -o src/result.o src/result.c
 
cc -Wall -Wextra -Werror -g -I ./include -c -o src/reverse.o src/reverse.c
 
cc -Wall -Wextra -Werror -g -I ./include -c -o src/sort_three_while_recursive.o src/sort_three_while_recursive.c
 
cc -Wall -Wextra -Werror -g -I ./include -c -o src/sort_under_five.o src/sort_under_five.c
/Library/Developer/CommandLineTools/usr/bin/make -C ./lib/libft
 
make[1]: Entering directory `/Users/junkpark/Projects/42seoul_cadet/push_swap/lib/libft'
cc -Wall -Wextra -Werror -c -o ft_atoi.o ft_atoi.c
ar crsu libft.a ft_atoi.o
 
cc -Wall -Wextra -Werror -c -o ft_bzero.o ft_bzero.c
ar crsu libft.a ft_bzero.o
cc -Wall -Wextra -Werror -c -o ft_calloc.o ft_calloc.c
ar crsu libft.a ft_calloc.o
cc -Wall -Wextra -Werror -c -o ft_isalnum.o ft_isalnum.c
ar crsu libft.a ft_isalnum.o
cc -Wall -Wextra -Werror -c -o ft_isalpha.o ft_isalpha.c
ar crsu libft.a ft_isalpha.o
cc -Wall -Wextra -Werror -c -o ft_isascii.o ft_isascii.c
ar crsu libft.a ft_isascii.o
cc -Wall -Wextra -Werror -c -o ft_isdigit.o ft_isdigit.c
ar crsu libft.a ft_isdigit.o
cc -Wall -Wextra -Werror -c -o ft_isprint.o ft_isprint.c
ar crsu libft.a ft_isprint.o
cc -Wall -Wextra -Werror -c -o ft_itoa.o ft_itoa.c
ar crsu libft.a ft_itoa.o
cc -Wall -Wextra -Werror -c -o ft_memchr.o ft_memchr.c
ar crsu libft.a ft_memchr.o
 
cc -Wall -Wextra -Werror -c -o ft_memcmp.o ft_memcmp.c
ar crsu libft.a ft_memcmp.o
cc -Wall -Wextra -Werror -c -o ft_memcpy.o ft_memcpy.c
ar crsu libft.a ft_memcpy.o
cc -Wall -Wextra -Werror -c -o ft_memmove.o ft_memmove.c
ar crsu libft.a ft_memmove.o
cc -Wall -Wextra -Werror -c -o ft_memset.o ft_memset.c
 
ar crsu libft.a ft_memset.o
cc -Wall -Wextra -Werror -c -o ft_putchar_fd.o ft_putchar_fd.c
ar crsu libft.a ft_putchar_fd.o
cc -Wall -Wextra -Werror -c -o ft_putendl_fd.o ft_putendl_fd.c
ar crsu libft.a ft_putendl_fd.o
cc -Wall -Wextra -Werror -c -o ft_putnbr_fd.o ft_putnbr_fd.c
ar crsu libft.a ft_putnbr_fd.o
 
cc -Wall -Wextra -Werror -c -o ft_putstr_fd.o ft_putstr_fd.c
ar crsu libft.a ft_putstr_fd.o
cc -Wall -Wextra -Werror -c -o ft_split.o ft_split.c
ar crsu libft.a ft_split.o
cc -Wall -Wextra -Werror -c -o ft_strchr.o ft_strchr.c
ar crsu libft.a ft_strchr.o
cc -Wall -Wextra -Werror -c -o ft_strdup.o ft_strdup.c
ar crsu libft.a ft_strdup.o
cc -Wall -Wextra -Werror -c -o ft_strjoin.o ft_strjoin.c
ar crsu libft.a ft_strjoin.o
 
cc -Wall -Wextra -Werror -c -o ft_strlcat.o ft_strlcat.c
ar crsu libft.a ft_strlcat.o
cc -Wall -Wextra -Werror -c -o ft_strlcpy.o ft_strlcpy.c
ar crsu libft.a ft_strlcpy.o
cc -Wall -Wextra -Werror -c -o ft_strlen.o ft_strlen.c
ar crsu libft.a ft_strlen.o
 
cc -Wall -Wextra -Werror -c -o ft_strmapi.o ft_strmapi.c
ar crsu libft.a ft_strmapi.o
cc -Wall -Wextra -Werror -c -o ft_strncmp.o ft_strncmp.c
ar crsu libft.a ft_strncmp.o
cc -Wall -Wextra -Werror -c -o ft_strnstr.o ft_strnstr.c
ar crsu libft.a ft_strnstr.o
cc -Wall -Wextra -Werror -c -o ft_strrchr.o ft_strrchr.c
ar crsu libft.a ft_strrchr.o
 
cc -Wall -Wextra -Werror -c -o ft_strtrim.o ft_strtrim.c
ar crsu libft.a ft_strtrim.o
cc -Wall -Wextra -Werror -c -o ft_substr.o ft_substr.c
ar crsu libft.a ft_substr.o
 
cc -Wall -Wextra -Werror -c -o ft_tolower.o ft_tolower.c
ar crsu libft.a ft_tolower.o
cc -Wall -Wextra -Werror -c -o ft_striteri.o ft_striteri.c
ar crsu libft.a ft_striteri.o
cc -Wall -Wextra -Werror -c -o ft_toupper.o ft_toupper.c
ar crsu libft.a ft_toupper.o
make[1]: Leaving directory `/Users/junkpark/Projects/42seoul_cadet/push_swap/lib/libft'
 
cc -Wall -Wextra -Werror -g -o push_swap main.o src/a_to_b.o src/b_to_a.o src/check.o src/deque_del.o src/deque_find_print.o src/deque_get.o src/deque_pop.o src/deque_push.o src/deque_utils.o src/init.o src/label_data.o src/push_swap_p.o src/push_swap_r.o src/push_swap_rr.o src/push_swap_s.o src/quick_sort.o src/result.o src/reverse.o src/sort_three_while_recursive.o src/sort_under_five.o \
		-L./lib/libft -l ft
make: Leaving directory `/Users/junkpark/Projects/42seoul_cadet/push_swap'
 
