make all --print-data-base --no-builtin-variables --no-builtin-rules --question
# GNU Make 3.81
# Copyright (C) 2006  Free Software Foundation, Inc.
# This is free software; see the source for copying conditions.
# There is NO warranty; not even for MERCHANTABILITY or FITNESS FOR A
# PARTICULAR PURPOSE.

# This program built for i386-apple-darwin11.3.0
 

# Make data base, printed on Fri Jun 24 21:22:58 2022

# Variables

# environment
VSCODE_GIT_ASKPASS_MAIN = /Applications/Visual Studio Code.app/Contents/Resources/app/extensions/git/dist/askpass-main.js
# automatic
<D = $(patsubst %/,%,$(dir $<))
# automatic
?F = $(notdir $?)
# environment
ELECTRON_NO_ATTACH_CONSOLE = 1
 
# makefile (from `Makefile', line 42)
OBJ = $(SRC:.c=.o)
# makefile (from `Makefile', line 25)
SRC = main.c $(SRC_DIR)/deque_pop.c $(SRC_DIR)/deque_push.c $(SRC_DIR)/deque_utils.c $(SRC_DIR)/deque_get.c $(SRC_DIR)/deque_find_print.c $(SRC_DIR)/deque_del.c $(SRC_DIR)/push_swap_p.c $(SRC_DIR)/push_swap_r.c $(SRC_DIR)/push_swap_rr.c $(SRC_DIR)/push_swap_s.c $(SRC_DIR)/quick_sort.c $(SRC_DIR)/check.c $(SRC_DIR)/swap.c $(SRC_DIR)/sort_under_five.c
# environment
VSCODE_LOG_NATIVE = false
# automatic
?D = $(patsubst %/,%,$(dir $?))
# automatic
@D = $(patsubst %/,%,$(dir $@))
# automatic
@F = $(notdir $@)
# makefile
CURDIR := /Users/junkpark/Projects/42seoul_cadet/push_swap(quick_sort)
# makefile
SHELL = /bin/sh
# environment
VSCODE_NLS_CONFIG = {"locale":"en","availableLanguages":{},"_languagePackSupport":true}
# environment
_ = /usr/bin/make
# makefile (from `Makefile', line 17)
CFLAGS = -Wall -Wextra -Werror -g
# makefile (from `Makefile', line 1)
MAKEFILE_LIST :=  Makefile
# environment
VSCODE_VERBOSE_LOGGING = true
# makefile (from `Makefile', line 20)
FT = ft
# makefile (from `Makefile', line 14)
BONUS = checker
# environment
__CFBundleIdentifier = com.microsoft.VSCode
# environment
INFOPATH = /opt/homebrew/share/info:/opt/homebrew/share/info:
# environment
P9K_SSH = 0
# environment
VSCODE_IPC_HOOK_EXTHOST = /var/folders/mk/n94fcjfd2wgfylp03ch4krt00000gn/T/vscode-ipc-bc8f7c88-2ec3-414f-a116-f2aa159b1bd1.sock
# environment
VSCODE_CWD = /Users/junkpark/Projects/42seoul_cadet/push_swap(quick_sort)
# environment
PATH = /opt/homebrew/Caskroom/miniforge/base/bin:/opt/homebrew/bin:/opt/homebrew/sbin:/usr/local/bin:/usr/bin:/bin:/usr/sbin:/sbin:/Library/Apple/usr/bin:/opt/homebrew/Caskroom/miniforge/base/bin:/opt/homebrew/bin:/opt/homebrew/sbin
# environment
LSCOLORS = Gxfxcxdxbxegedabagacad
# environment
VSCODE_LOG_STACK = false
# environment
ELECTRON_RUN_AS_NODE = 1
# default
.FEATURES := target-specific order-only second-expansion else-if archives jobserver check-symlink
# environment
SSH_AUTH_SOCK = /private/tmp/com.apple.launchd.68YP4RU2Zs/Listeners
# automatic
%F = $(notdir $%)
# environment
VSCODE_PIPE_LOGGING = true
# environment
PWD = /Users/junkpark/Projects/42seoul_cadet/push_swap(quick_sort)
# environment
HOMEBREW_CELLAR = /opt/homebrew/Cellar
# environment
ORIGINAL_XDG_CURRENT_DESKTOP = undefined
# environment
MANPATH = /opt/homebrew/share/man:/usr/share/man:/usr/local/share/man:/opt/homebrew/share/man:
# environment
VSCODE_AMD_ENTRYPOINT = vs/workbench/api/node/extensionHostProcess
# environment
HOME = /Users/junkpark
# default
MAKEFILEPATH = $(shell /usr/bin/xcode-select -print-path 2>/dev/null || echo /Developer)/Makefiles
# environment
VSCODE_CLI = 1
# environment
VSCODE_CODE_CACHE_PATH = /Users/junkpark/Library/Application Support/Code/CachedData/30d9c6cd9483b2cc586687151bcbcd635f373630
# environment
LOGNAME = junkpark
# environment
APPLICATION_INSIGHTS_NO_DIAGNOSTIC_CHANNEL = 1
# makefile (from `Makefile', line 19)
FT_DIR = ./lib/libft
# environment
ZSH = /Users/junkpark/.oh-my-zsh
# environment
VSCODE_HANDLES_UNCAUGHT_ERRORS = true
# automatic
^D = $(patsubst %/,%,$(dir $^))
# environment
MAKELEVEL := 0
# environment
XPC_FLAGS = 0x0
# environment
COLORTERM = truecolor
# default
MAKE = $(MAKE_COMMAND)
# default
MAKECMDGOALS := all
# environment
SHLVL = 3
# makefile (from `Makefile', line 16)
CC = cc
# default
MAKE_VERSION := 3.81
# environment
USER = junkpark
# makefile
.DEFAULT_GOAL := all
# makefile (from `Makefile', line 22)
INCLUDE = -I ./include
# makefile (from `Makefile', line 13)
NAME = ./push_swap_visualizer/bin/push_swap ./push_swap
# environment
LESS = -R
# automatic
%D = $(patsubst %/,%,$(dir $%))
# default
MAKE_COMMAND := /Library/Developer/CommandLineTools/usr/bin/make
# environment
VSCODE_GIT_ASKPASS_EXTRA_ARGS = --ms-enable-electron-run-as-node
# environment
TERM_PROGRAM = vscode
# default
.VARIABLES := 
# environment
TMPDIR = /var/folders/mk/n94fcjfd2wgfylp03ch4krt00000gn/T/
# automatic
*F = $(notdir $*)
# environment
VSCODE_IPC_HOOK = /Users/junkpark/Library/Application Support/Code/1.68.1-main.sock
# environment
VSCODE_GIT_ASKPASS_NODE = /Applications/Visual Studio Code.app/Contents/Frameworks/Code Helper.app/Contents/MacOS/Code Helper
# makefile
MAKEFLAGS = Rrqp
# environment
MFLAGS = -Rrqp
# automatic
*D = $(patsubst %/,%,$(dir $*))
# environment
TERM_PROGRAM_VERSION = 1.68.1
# environment
MAIL = junkpark@student.42seoul.kr
# environment
XPC_SERVICE_NAME = application.com.microsoft.VSCode.22429455.22429461.1EDCCB06-E210-4C2D-BEBA-E7C714C2AA6F
# environment
HOMEBREW_PREFIX = /opt/homebrew
# automatic
+D = $(patsubst %/,%,$(dir $+))
# automatic
+F = $(notdir $+)
# environment
HOMEBREW_REPOSITORY = /opt/homebrew
# environment
__CF_USER_TEXT_ENCODING = 0x1F5:0x3:0x33
# environment
COMMAND_MODE = unix2003
# environment
GIT_ASKPASS = /Applications/Visual Studio Code.app/Contents/Resources/app/extensions/git/dist/askpass.sh
# default
MAKEFILES := 
# makefile (from `Makefile', line 24)
SRC_DIR = ./src
# automatic
<F = $(notdir $<)
# environment
PAGER = less
# environment
LC_ALL = C
# environment
P9K_TTY = old
# automatic
^F = $(notdir $^)
# default
SUFFIXES := 
# environment
VSCODE_GIT_IPC_HANDLE = /var/folders/mk/n94fcjfd2wgfylp03ch4krt00000gn/T/vscode-git-46297f92e3.sock
# environment
LANG = C
# environment
TERM = xterm-256color
# environment
_P9K_TTY = /dev/ttys001
# environment
VSCODE_PID = 79365
# variable set hash-table stats:
# Load=95/1024=9%, Rehash=0, Collisions=8/141=6%

# Pattern-specific Variable Values

# No pattern-specific variable values.

# Directories

# . (device 16777234, inode 22698040): 15 files, no impossibilities.
# src (device 16777234, inode 22698101): 29 files, no impossibilities so far.

# 44 files, no impossibilities in 2 directories.

# Implicit Rules

%.o: %.c
#  commands to execute (from `Makefile', line 52):
	$(CC) $(CFLAGS) $(INCLUDE) -c -o $@ $^
	

# 1 implicit rules, 0 (0.0%) terminal.

# Files

all: push_swap_visualizer/bin/push_swap push_swap
#  Phony target (prerequisite of .PHONY).
#  Command-line target.
#  Implicit rule search has not been done.
#  File does not exist.
#  File has been updated.
#  Needs to be updated (-q is set).
# variable set hash-table stats:
# Load=0/32=0%, Rehash=0, Collisions=0/5=0%

.PHONY: all clean fclean re
#  Implicit rule search has not been done.
#  Modification time never checked.
#  File has not been updated.

# Not a target:
main.c:
#  Implicit rule search has been done.
 
#  Last modified 2022-06-24 21:22:18
#  File has been updated.
#  Successfully updated.
# variable set hash-table stats:
# Load=0/32=0%, Rehash=0, Collisions=0/0=0%

# Not a target:
src/push_swap_s.c:
#  Implicit rule search has been done.
#  Last modified 2022-06-24 17:32:26
#  File has been updated.
#  Successfully updated.
# variable set hash-table stats:
# Load=0/32=0%, Rehash=0, Collisions=0/0=0%

src/push_swap_p.o: src/push_swap_p.c
#  Implicit rule search has been done.
#  Implicit/static pattern stem: `src/push_swap_p'
#  Last modified 2022-06-24 18:22:27
#  File has been updated.
#  Successfully updated.
# variable set hash-table stats:
# Load=0/32=0%, Rehash=0, Collisions=0/0=0%
#  commands to execute (from `Makefile', line 52):
	$(CC) $(CFLAGS) $(INCLUDE) -c -o $@ $^
	

# Not a target:
src/deque_pop.c:
#  Implicit rule search has been done.
#  Last modified 2022-06-22 19:16:42
#  File has been updated.
#  Successfully updated.
# variable set hash-table stats:
# Load=0/32=0%, Rehash=0, Collisions=0/0=0%

# Not a target:
.SUFFIXES:
#  Implicit rule search has not been done.
#  Modification time never checked.
#  File has not been updated.

# Not a target:
src/push_swap_rr.c:
#  Implicit rule search has been done.
#  Last modified 2022-06-24 17:17:59
#  File has been updated.
#  Successfully updated.
# variable set hash-table stats:
# Load=0/32=0%, Rehash=0, Collisions=0/0=0%

# Not a target:
Makefile:
#  Implicit rule search has been done.
#  Last modified 2022-06-24 21:22:43
#  File has been updated.
#  Successfully updated.
# variable set hash-table stats:
# Load=0/32=0%, Rehash=0, Collisions=0/0=0%

# Not a target:
src/deque_push.c:
#  Implicit rule search has been done.
#  Last modified 2022-06-22 19:16:42
#  File has been updated.
#  Successfully updated.
# variable set hash-table stats:
# Load=0/32=0%, Rehash=0, Collisions=0/0=0%

src/deque_del.o: src/deque_del.c
#  Implicit rule search has been done.
#  Implicit/static pattern stem: `src/deque_del'
#  Last modified 2022-06-24 20:39:54
#  File has been updated.
#  Successfully updated.
# variable set hash-table stats:
# Load=0/32=0%, Rehash=0, Collisions=0/0=0%
#  commands to execute (from `Makefile', line 52):
	$(CC) $(CFLAGS) $(INCLUDE) -c -o $@ $^
	

src/deque_utils.o: src/deque_utils.c
#  Implicit rule search has been done.
#  Implicit/static pattern stem: `src/deque_utils'
#  Last modified 2022-06-24 19:21:18
#  File has been updated.
#  Successfully updated.
# variable set hash-table stats:
# Load=0/32=0%, Rehash=0, Collisions=0/0=0%
#  commands to execute (from `Makefile', line 52):
	$(CC) $(CFLAGS) $(INCLUDE) -c -o $@ $^
	

push_swap_visualizer/bin/push_swap: main.o src/deque_pop.o src/deque_push.o src/deque_utils.o src/deque_get.o src/deque_find_print.o src/deque_del.o src/push_swap_p.o src/push_swap_r.o src/push_swap_rr.o src/push_swap_s.o src/quick_sort.o src/check.o src/swap.o src/sort_under_five.o
#  Implicit rule search has not been done.
#  File does not exist.
#  File has been updated.
#  Needs to be updated (-q is set).
# variable set hash-table stats:
# Load=0/32=0%, Rehash=0, Collisions=0/5=0%
#  commands to execute (from `Makefile', line 47):
	$(MAKE) -C $(FT_DIR)
	$(CC) $(CFLAGS) -o $@ $^ \
	-L$(FT_DIR) -l $(FT)
	

src/quick_sort.o: src/quick_sort.c
#  Implicit rule search has been done.
#  Implicit/static pattern stem: `src/quick_sort'
#  Last modified 2022-06-24 18:22:27
#  File has been updated.
#  Successfully updated.
# variable set hash-table stats:
# Load=0/32=0%, Rehash=0, Collisions=0/0=0%
#  commands to execute (from `Makefile', line 52):
	$(CC) $(CFLAGS) $(INCLUDE) -c -o $@ $^
	

src/deque_get.o: src/deque_get.c
#  Implicit rule search has been done.
#  Implicit/static pattern stem: `src/deque_get'
#  Last modified 2022-06-24 18:26:46
#  File has been updated.
#  Successfully updated.
# variable set hash-table stats:
# Load=0/32=0%, Rehash=0, Collisions=0/0=0%
#  commands to execute (from `Makefile', line 52):
	$(CC) $(CFLAGS) $(INCLUDE) -c -o $@ $^
	

src/sort_under_five.o: src/sort_under_five.c
#  Implicit rule search has been done.
#  Implicit/static pattern stem: `src/sort_under_five'
#  File does not exist.
#  File has been updated.
#  Needs to be updated (-q is set).
# automatic
# @ := src/sort_under_five.o
# automatic
# % := 
# automatic
# * := src/sort_under_five
# automatic
# + := src/sort_under_five.c
# automatic
# | := 
# automatic
# < := src/sort_under_five.c
# automatic
# ^ := src/sort_under_five.c
# automatic
# ? := src/sort_under_five.c
# variable set hash-table stats:
# Load=8/32=25%, Rehash=0, Collisions=2/15=13%
#  commands to execute (from `Makefile', line 52):
	$(CC) $(CFLAGS) $(INCLUDE) -c -o $@ $^
	

src/push_swap_r.o: src/push_swap_r.c
#  Implicit rule search has been done.
#  Implicit/static pattern stem: `src/push_swap_r'
#  Last modified 2022-06-24 18:22:27
#  File has been updated.
#  Successfully updated.
# variable set hash-table stats:
# Load=0/32=0%, Rehash=0, Collisions=0/0=0%
#  commands to execute (from `Makefile', line 52):
	$(CC) $(CFLAGS) $(INCLUDE) -c -o $@ $^
	

fclean: clean
#  Phony target (prerequisite of .PHONY).
#  Implicit rule search has not been done.
#  File does not exist.
#  File has not been updated.
#  commands to execute (from `Makefile', line 59):
	$(MAKE) fclean -C $(FT_DIR)
	rm -f $(NAME)
	

# Not a target:
src/push_swap_r.c:
#  Implicit rule search has been done.
#  Last modified 2022-06-24 17:22:34
#  File has been updated.
#  Successfully updated.
# variable set hash-table stats:
# Load=0/32=0%, Rehash=0, Collisions=0/0=0%

src/swap.o: src/swap.c
#  Implicit rule search has been done.
#  Implicit/static pattern stem: `src/swap'
#  Last modified 2022-06-24 19:54:44
#  File has been updated.
#  Successfully updated.
# variable set hash-table stats:
# Load=0/32=0%, Rehash=0, Collisions=0/0=0%
#  commands to execute (from `Makefile', line 52):
	$(CC) $(CFLAGS) $(INCLUDE) -c -o $@ $^
	

# Not a target:
src/push_swap_p.c:
#  Implicit rule search has been done.
#  Last modified 2022-06-24 17:35:56
#  File has been updated.
#  Successfully updated.
# variable set hash-table stats:
# Load=0/32=0%, Rehash=0, Collisions=0/0=0%

# Not a target:
.DEFAULT:
#  Implicit rule search has not been done.
#  Modification time never checked.
#  File has not been updated.

src/deque_find_print.o: src/deque_find_print.c
#  Implicit rule search has been done.
#  Implicit/static pattern stem: `src/deque_find_print'
#  Last modified 2022-06-24 18:22:27
#  File has been updated.
#  Successfully updated.
# variable set hash-table stats:
# Load=0/32=0%, Rehash=0, Collisions=0/0=0%
#  commands to execute (from `Makefile', line 52):
	$(CC) $(CFLAGS) $(INCLUDE) -c -o $@ $^
	

src/check.o: src/check.c
#  Implicit rule search has been done.
#  Implicit/static pattern stem: `src/check'
#  Last modified 2022-06-24 18:22:27
#  File has been updated.
#  Successfully updated.
# variable set hash-table stats:
# Load=0/32=0%, Rehash=0, Collisions=0/0=0%
#  commands to execute (from `Makefile', line 52):
	$(CC) $(CFLAGS) $(INCLUDE) -c -o $@ $^
	

# Not a target:
src/deque_del.c:
#  Implicit rule search has been done.
#  Last modified 2022-06-24 20:37:27
#  File has been updated.
#  Successfully updated.
# variable set hash-table stats:
# Load=0/32=0%, Rehash=0, Collisions=0/0=0%

re:
#  Phony target (prerequisite of .PHONY).
#  Implicit rule search has not been done.
#  File does not exist.
#  File has not been updated.
#  commands to execute (from `Makefile', line 63):
	$(MAKE) fclean
	$(MAKE) all
	

clean:
#  Phony target (prerequisite of .PHONY).
#  Implicit rule search has not been done.
#  File does not exist.
#  File has not been updated.
#  commands to execute (from `Makefile', line 55):
	$(MAKE) clean -C $(FT_DIR)
	rm -f $(OBJ)
	

# Not a target:
src/deque_utils.c:
#  Implicit rule search has been done.
#  Last modified 2022-06-24 19:20:03
#  File has been updated.
#  Successfully updated.
# variable set hash-table stats:
# Load=0/32=0%, Rehash=0, Collisions=0/0=0%

# Not a target:
src/quick_sort.c:
#  Implicit rule search has been done.
#  Last modified 2022-06-24 17:07:39
#  File has been updated.
 
#  Successfully updated.
# variable set hash-table stats:
# Load=0/32=0%, Rehash=0, Collisions=0/0=0%

# Not a target:
src/deque_get.c:
#  Implicit rule search has been done.
#  Last modified 2022-06-24 18:26:37
#  File has been updated.
#  Successfully updated.
# variable set hash-table stats:
# Load=0/32=0%, Rehash=0, Collisions=0/0=0%

push_swap: main.o src/deque_pop.o src/deque_push.o src/deque_utils.o src/deque_get.o src/deque_find_print.o src/deque_del.o src/push_swap_p.o src/push_swap_r.o src/push_swap_rr.o src/push_swap_s.o src/quick_sort.o src/check.o src/swap.o src/sort_under_five.o
#  Implicit rule search has not been done.
#  Modification time never checked.
#  File has not been updated.
#  commands to execute (from `Makefile', line 47):
	$(MAKE) -C $(FT_DIR)
	$(CC) $(CFLAGS) -o $@ $^ \
	-L$(FT_DIR) -l $(FT)
	

# Not a target:
src/sort_under_five.c:
#  Implicit rule search has been done.
#  Last modified 2022-06-24 21:20:22
#  File has been updated.
#  Successfully updated.
# variable set hash-table stats:
# Load=0/32=0%, Rehash=0, Collisions=0/0=0%

main.o: main.c
#  Implicit rule search has been done.
#  Implicit/static pattern stem: `main'
#  Last modified 2022-06-24 21:22:21
#  File has been updated.
#  Successfully updated.
# variable set hash-table stats:
# Load=0/32=0%, Rehash=0, Collisions=0/0=0%
#  commands to execute (from `Makefile', line 52):
	$(CC) $(CFLAGS) $(INCLUDE) -c -o $@ $^
	

src/push_swap_s.o: src/push_swap_s.c
#  Implicit rule search has been done.
#  Implicit/static pattern stem: `src/push_swap_s'
#  Last modified 2022-06-24 18:22:27
#  File has been updated.
#  Successfully updated.
# variable set hash-table stats:
# Load=0/32=0%, Rehash=0, Collisions=0/0=0%
#  commands to execute (from `Makefile', line 52):
	$(CC) $(CFLAGS) $(INCLUDE) -c -o $@ $^
	

# Not a target:
src/swap.c:
#  Implicit rule search has been done.
#  Last modified 2022-06-24 19:54:40
#  File has been updated.
#  Successfully updated.
# variable set hash-table stats:
# Load=0/32=0%, Rehash=0, Collisions=0/0=0%

src/deque_pop.o: src/deque_pop.c
#  Implicit rule search has been done.
#  Implicit/static pattern stem: `src/deque_pop'
#  Last modified 2022-06-24 18:22:26
#  File has been updated.
#  Successfully updated.
# variable set hash-table stats:
# Load=0/32=0%, Rehash=0, Collisions=0/0=0%
#  commands to execute (from `Makefile', line 52):
	$(CC) $(CFLAGS) $(INCLUDE) -c -o $@ $^
	

src/push_swap_rr.o: src/push_swap_rr.c
#  Implicit rule search has been done.
#  Implicit/static pattern stem: `src/push_swap_rr'
#  Last modified 2022-06-24 18:22:27
#  File has been updated.
#  Successfully updated.
# variable set hash-table stats:
# Load=0/32=0%, Rehash=0, Collisions=0/0=0%
#  commands to execute (from `Makefile', line 52):
	$(CC) $(CFLAGS) $(INCLUDE) -c -o $@ $^
	

# Not a target:
src/deque_find_print.c:
#  Implicit rule search has been done.
#  Last modified 2022-06-24 18:09:33
#  File has been updated.
#  Successfully updated.
# variable set hash-table stats:
# Load=0/32=0%, Rehash=0, Collisions=0/0=0%

src/deque_push.o: src/deque_push.c
#  Implicit rule search has been done.
#  Implicit/static pattern stem: `src/deque_push'
#  Last modified 2022-06-24 18:22:26
#  File has been updated.
#  Successfully updated.
# variable set hash-table stats:
# Load=0/32=0%, Rehash=0, Collisions=0/0=0%
#  commands to execute (from `Makefile', line 52):
	$(CC) $(CFLAGS) $(INCLUDE) -c -o $@ $^
	

# Not a target:
src/check.c:
#  Implicit rule search has been done.
#  Last modified 2022-06-22 19:31:27
#  File has been updated.
#  Successfully updated.
# variable set hash-table stats:
# Load=0/32=0%, Rehash=0, Collisions=0/0=0%

# files hash-table stats:
# Load=40/1024=4%, Rehash=0, Collisions=3/135=2%
# VPATH Search Paths

# No `vpath' search paths.

# No general (`VPATH' variable) search path.

# # of strings in strcache: 1
# # of strcache buffers: 1
# strcache size: total = 4096 / max = 4096 / min = 4096 / avg = 4096
# strcache free: total = 4087 / max = 4087 / min = 4087 / avg = 4087

# Finished Make data base on Fri Jun 24 21:22:58 2022

 
